c:\users\673950\desktop\acw-dedayodeveloper-20211217t105248z-001\acw-dedayodeveloper\acw\debug\vc142.pdb
c:\users\673950\desktop\acw-dedayodeveloper-20211217t105248z-001\acw-dedayodeveloper\acw\debug\vc142.idb
c:\users\673950\desktop\acw-dedayodeveloper-20211217t105248z-001\acw-dedayodeveloper\acw\debug\world.obj
c:\users\673950\desktop\acw-dedayodeveloper-20211217t105248z-001\acw-dedayodeveloper\acw\debug\tower2.obj
c:\users\673950\desktop\acw-dedayodeveloper-20211217t105248z-001\acw-dedayodeveloper\acw\debug\tower1.obj
c:\users\673950\desktop\acw-dedayodeveloper-20211217t105248z-001\acw-dedayodeveloper\acw\debug\sphere.obj
c:\users\673950\desktop\acw-dedayodeveloper-20211217t105248z-001\acw-dedayodeveloper\acw\debug\imgui_widgets.obj
c:\users\673950\desktop\acw-dedayodeveloper-20211217t105248z-001\acw-dedayodeveloper\acw\debug\imgui_tables.obj
c:\users\673950\desktop\acw-dedayodeveloper-20211217t105248z-001\acw-dedayodeveloper\acw\debug\imgui_impl_opengl3.obj
c:\users\673950\desktop\acw-dedayodeveloper-20211217t105248z-001\acw-dedayodeveloper\acw\debug\imgui_impl_glfw.obj
c:\users\673950\desktop\acw-dedayodeveloper-20211217t105248z-001\acw-dedayodeveloper\acw\debug\imgui_draw.obj
c:\users\673950\desktop\acw-dedayodeveloper-20211217t105248z-001\acw-dedayodeveloper\acw\debug\imgui_demo.obj
c:\users\673950\desktop\acw-dedayodeveloper-20211217t105248z-001\acw-dedayodeveloper\acw\debug\imgui.obj
c:\users\673950\desktop\acw-dedayodeveloper-20211217t105248z-001\acw-dedayodeveloper\acw\debug\renderhelpers.obj
c:\users\673950\desktop\acw-dedayodeveloper-20211217t105248z-001\acw-dedayodeveloper\acw\debug\guihelpers.obj
c:\users\673950\desktop\acw-dedayodeveloper-20211217t105248z-001\acw-dedayodeveloper\acw\debug\app.obj
c:\users\673950\desktop\acw-dedayodeveloper-20211217t105248z-001\acw-dedayodeveloper\acw\debug\gameentity.obj
c:\users\673950\desktop\acw-dedayodeveloper-20211217t105248z-001\acw-dedayodeveloper\acw\debug\cube.obj
c:\users\673950\desktop\acw-dedayodeveloper-20211217t105248z-001\acw-dedayodeveloper\acw\debug\camera.obj
c:\users\673950\desktop\acw-dedayodeveloper-20211217t105248z-001\acw-dedayodeveloper\acw\debug\cylinder.obj
c:\users\673950\desktop\acw-dedayodeveloper-20211217t105248z-001\acw-dedayodeveloper\acw\debug\agentbase.obj
c:\users\673950\desktop\acw-dedayodeveloper-20211217t105248z-001\acw-dedayodeveloper\acw\debug\agent.obj
c:\users\673950\desktop\acw-dedayodeveloper-20211217t105248z-001\acw-dedayodeveloper\acw\debug\acw.tlog\cl.command.1.tlog
c:\users\673950\desktop\acw-dedayodeveloper-20211217t105248z-001\acw-dedayodeveloper\acw\debug\acw.tlog\cl.read.1.tlog
c:\users\673950\desktop\acw-dedayodeveloper-20211217t105248z-001\acw-dedayodeveloper\acw\debug\acw.tlog\cl.write.1.tlog
